2021-03-09 11:12:51,414 INFO o.a.j.u.JMeterUtils: Setting Locale to en_EN
2021-03-09 11:12:51,441 INFO o.a.j.JMeter: Loading user properties from: user.properties
2021-03-09 11:12:51,442 INFO o.a.j.JMeter: Loading system properties from: system.properties
2021-03-09 11:12:51,452 INFO o.a.j.JMeter: Copyright (c) 1998-2021 The Apache Software Foundation
2021-03-09 11:12:51,452 INFO o.a.j.JMeter: Version 5.4.1
2021-03-09 11:12:51,453 INFO o.a.j.JMeter: java.version=15.0.2
2021-03-09 11:12:51,453 INFO o.a.j.JMeter: java.vm.name=Java HotSpot(TM) 64-Bit Server VM
2021-03-09 11:12:51,453 INFO o.a.j.JMeter: os.name=Windows 10
2021-03-09 11:12:51,453 INFO o.a.j.JMeter: os.arch=amd64
2021-03-09 11:12:51,453 INFO o.a.j.JMeter: os.version=10.0
2021-03-09 11:12:51,453 INFO o.a.j.JMeter: file.encoding=Cp1252
2021-03-09 11:12:51,453 INFO o.a.j.JMeter: java.awt.headless=null
2021-03-09 11:12:51,453 INFO o.a.j.JMeter: Max memory     =1073741824
2021-03-09 11:12:51,453 INFO o.a.j.JMeter: Available Processors =8
2021-03-09 11:12:51,465 INFO o.a.j.JMeter: Default Locale=English (EN)
2021-03-09 11:12:51,465 INFO o.a.j.JMeter: JMeter  Locale=English (EN)
2021-03-09 11:12:51,465 INFO o.a.j.JMeter: JMeterHome=C:\apache-jmeter-5.4.1
2021-03-09 11:12:51,465 INFO o.a.j.JMeter: user.dir  =C:\apache-jmeter-5.4.1\bin
2021-03-09 11:12:51,465 INFO o.a.j.JMeter: PWD       =C:\apache-jmeter-5.4.1\bin
2021-03-09 11:12:51,467 INFO o.a.j.JMeter: IP: 192.168.0.33 Name: LAPTOP-0I9LA9RB FullName: host.docker.internal
2021-03-09 11:12:51,697 INFO o.a.j.JMeter: Setting LAF to: com.github.weisj.darklaf.DarkLaf:com.github.weisj.darklaf.theme.DarculaTheme
2021-03-09 11:12:52,503 INFO o.a.j.JMeter: Loaded icon properties from org/apache/jmeter/images/icon.properties
2021-03-09 11:14:20,994 INFO o.a.j.p.h.s.HTTPSamplerBase: Parser for text/html is org.apache.jmeter.protocol.http.parser.LagartoBasedHtmlParser
2021-03-09 11:14:20,995 INFO o.a.j.p.h.s.HTTPSamplerBase: Parser for application/xhtml+xml is org.apache.jmeter.protocol.http.parser.LagartoBasedHtmlParser
2021-03-09 11:14:20,995 INFO o.a.j.p.h.s.HTTPSamplerBase: Parser for application/xml is org.apache.jmeter.protocol.http.parser.LagartoBasedHtmlParser
2021-03-09 11:14:20,995 INFO o.a.j.p.h.s.HTTPSamplerBase: Parser for text/xml is org.apache.jmeter.protocol.http.parser.LagartoBasedHtmlParser
2021-03-09 11:14:20,995 INFO o.a.j.p.h.s.HTTPSamplerBase: Parser for text/vnd.wap.wml is org.apache.jmeter.protocol.http.parser.RegexpHTMLParser
2021-03-09 11:14:20,996 INFO o.a.j.p.h.s.HTTPSamplerBase: Parser for text/css is org.apache.jmeter.protocol.http.parser.CssParser
2021-03-09 11:14:37,120 INFO o.a.j.s.SampleResult: Note: Sample TimeStamps are START times
2021-03-09 11:14:37,121 INFO o.a.j.s.SampleResult: sampleresult.default.encoding is set to ISO-8859-1
2021-03-09 11:14:37,121 INFO o.a.j.s.SampleResult: sampleresult.useNanoTime=true
2021-03-09 11:14:37,121 INFO o.a.j.s.SampleResult: sampleresult.nanoThreadSleep=5000
2021-03-09 11:15:50,670 INFO o.a.j.s.FileServer: Default base='C:\apache-jmeter-5.4.1\bin'
2021-03-09 11:15:50,673 INFO o.a.j.g.a.Load: Loading file: C:\Users\tebog\Documents\ICP\jmx\TestPlan.jmx
2021-03-09 11:15:50,673 INFO o.a.j.s.FileServer: Set new base='C:\Users\tebog\Documents\ICP\jmx'
2021-03-09 11:15:50,871 INFO o.a.j.s.SaveService: Testplan (JMX) version: 2.2. Testlog (JTL) version: 2.2
2021-03-09 11:15:50,891 INFO o.a.j.s.SaveService: Using SaveService properties version 5.0
2021-03-09 11:15:50,893 INFO o.a.j.s.SaveService: Using SaveService properties file encoding UTF-8
2021-03-09 11:15:50,894 INFO o.a.j.s.SaveService: Loading file: C:\Users\tebog\Documents\ICP\jmx\TestPlan.jmx
2021-03-09 11:15:50,948 INFO o.a.j.s.FileServer: Set new base='C:\Users\tebog\Documents\ICP\jmx'
2021-03-09 11:16:43,999 INFO o.a.j.e.StandardJMeterEngine: Running the test!
2021-03-09 11:16:44,000 INFO o.a.j.s.SampleEvent: List of sample_variables: []
2021-03-09 11:16:44,001 INFO o.a.j.s.SampleEvent: List of sample_variables: []
2021-03-09 11:16:44,002 INFO o.a.j.e.u.CompoundVariable: Note: Function class names must contain the string: '.functions.'
2021-03-09 11:16:44,002 INFO o.a.j.e.u.CompoundVariable: Note: Function class names must not contain the string: '.gui.'
2021-03-09 11:16:44,063 INFO o.a.j.v.b.BackendListener: Backend Listener: Starting worker with class: class org.apache.jmeter.visualizers.backend.influxdb.InfluxdbBackendListenerClient and queue capacity: 5000
2021-03-09 11:16:44,064 INFO o.a.j.v.b.BackendListener: Backend Listener: Started  worker with class: class org.apache.jmeter.visualizers.backend.influxdb.InfluxdbBackendListenerClient
2021-03-09 11:16:44,390 INFO o.a.j.g.u.JMeterMenuBar: setRunning(true, *local*)
2021-03-09 11:16:44,415 INFO o.a.j.e.StandardJMeterEngine: Starting ThreadGroup: 1 : Thread Group
2021-03-09 11:16:44,416 INFO o.a.j.e.StandardJMeterEngine: Starting 1 threads for group Thread Group.
2021-03-09 11:16:44,416 INFO o.a.j.e.StandardJMeterEngine: Thread will continue on error
2021-03-09 11:16:44,416 INFO o.a.j.t.ThreadGroup: Starting thread group... number=1 threads=1 ramp-up=1 delayedStart=false
2021-03-09 11:16:44,421 INFO o.a.j.t.ThreadGroup: Started thread group number 1
2021-03-09 11:16:44,421 INFO o.a.j.e.StandardJMeterEngine: All thread groups have been started
2021-03-09 11:16:44,422 INFO o.a.j.t.JMeterThread: Thread started: Thread Group 1-1
2021-03-09 11:16:44,442 INFO o.a.j.p.h.s.HTTPHCAbstractImpl: Local host = LAPTOP-0I9LA9RB
2021-03-09 11:16:44,448 INFO o.a.j.p.h.s.HTTPHC4Impl: HTTP request retry count = 0
2021-03-09 11:16:44,577 INFO o.a.j.p.h.s.h.LazyLayeredConnectionSocketFactory: Setting up HTTPS TrustAll Socket Factory
2021-03-09 11:16:44,578 INFO o.a.j.u.JsseSSLManager: Using default SSL protocol: TLS
2021-03-09 11:16:44,579 INFO o.a.j.u.JsseSSLManager: SSL session context: per-thread
2021-03-09 11:16:44,596 INFO o.a.j.u.SSLManager: JmeterKeyStore Location:  type JKS
2021-03-09 11:16:44,597 INFO o.a.j.u.SSLManager: KeyStore created OK
2021-03-09 11:16:44,597 WARN o.a.j.u.SSLManager: Keystore file not found, loading empty keystore
2021-03-09 11:33:57,438 INFO o.a.j.g.a.Start: Shutting test down
2021-03-09 11:33:57,457 INFO o.a.j.t.JMeterThread: Stopping: Thread Group 1-1
2021-03-09 11:33:57,619 INFO o.a.j.t.JMeterThread: Thread finished: Thread Group 1-1
2021-03-09 11:33:57,619 INFO o.a.j.e.StandardJMeterEngine: Notifying test listeners of end of test
2021-03-09 11:33:57,634 INFO o.a.j.v.b.BackendListener: Worker ended
2021-03-09 11:33:57,634 INFO o.a.j.v.b.i.InfluxdbBackendListenerClient: Sending last metrics to InfluxDB
2021-03-09 11:33:57,634 INFO o.a.j.v.b.i.HttpMetricsSender: Destroying 
2021-03-09 11:33:57,650 INFO o.a.j.g.u.JMeterMenuBar: setRunning(false, *local*)
